<!DOCTYPE html PUBLIC "-//W3C//DTD XHTML 1.1//EN" "http://www.w3.org/TR/xhtml11/DTD/xhtml11.dtd">
<html xmlns="http://www.w3.org/1999/xhtml"><head><title>TestNG Report</title><style type="text/css">table {margin-bottom:10px;border-collapse:collapse;empty-cells:show}th,td {border:1px solid #009;padding:.25em .5em}th {vertical-align:bottom}td {vertical-align:top}table a {font-weight:bold}.stripe td {background-color: #E6EBF9}.num {text-align:right}.passedodd td {background-color: #3F3}.passedeven td {background-color: #0A0}.skippedodd td {background-color: #DDD}.skippedeven td {background-color: #CCC}.failedodd td,.attn {background-color: #F33}.failedeven td,.stripe .attn {background-color: #D00}.stacktrace {white-space:pre;font-family:monospace}.totop {font-size:85%;text-align:center;border-bottom:2px solid #000}</style></head><body><table><tr><th>Test</th><th># Passed</th><th># Skipped</th><th># Failed</th><th>Time (ms)</th><th>Included Groups</th><th>Excluded Groups</th></tr><tr><th colspan="7">Regression - Suite</th></tr><tr><td><a href="#t0">Android Execution</a></td><td class="num">0</td><td class="num">0</td><td class="num attn">2</td><td class="num">168,525</td><td></td><td></td></tr></table><table id='summary'><thead><tr><th>Class</th><th>Method</th><th>Start</th><th>Time (ms)</th></tr></thead><tbody><tr><th colspan="4">Regression - Suite</th></tr></tbody><tbody id="t0"><tr><th colspan="4">Android Execution &#8212; failed</th></tr><tr class="failedeven"><td rowspan="1">CheckItemDetailsFeature.CheckItemDetailsFeatureTest</td><td><a href="#m0">ViewItemTest</a></td><td rowspan="1">1548027578341</td><td rowspan="1">102803</td></tr><tr class="failedodd"><td rowspan="1">LoginFeature.LoginFeatureTest</td><td><a href="#m1">LoginTest</a></td><td rowspan="1">1548027512719</td><td rowspan="1">65222</td></tr></tbody></table><h2>Android Execution</h2><h3 id="m0">CheckItemDetailsFeature.CheckItemDetailsFeatureTest#ViewItemTest</h3><table class="result"><tr><th>Exception</th></tr><tr><td><div class="stacktrace">org.openqa.selenium.NoSuchElementException: no such element: Unable to locate element: {&quot;method&quot;:&quot;xpath&quot;,&quot;selector&quot;:&quot;//div[@class=&apos;sf-prodlist-prodTitle&apos; and contains(text(),&apos;32 inch&apos;)]&quot;}
  (Session info: chrome=71.0.3578.99)
  (Driver info: chromedriver=2.44.609538 (b655c5a60b0b544917107a59d4153d4bf78e1b90),platform=Windows NT 6.2.9200 x86_64)
For documentation on this error, please visit: http://seleniumhq.org/exceptions/no_such_element.html
Build info: version: &apos;3.12.0&apos;, revision: &apos;7c6e0b3&apos;, time: &apos;2018-05-08T14:04:26.12Z&apos;
System info: host: &apos;SAIVIGNESHA&apos;, ip: &apos;192.168.0.107&apos;, os.name: &apos;Windows 8&apos;, os.arch: &apos;amd64&apos;, os.version: &apos;6.2&apos;, java.version: &apos;1.8.0_144&apos;
Driver info: io.appium.java_client.android.AndroidDriver
Capabilities {AutomationName: uiautomator2, browser: Chrome, browserName: chrome, databaseEnabled: false, desired: {AutomationName: uiautomator2, browser: Chrome, browserName: chrome, deviceName: ce071717bb9f193904, goog:chromeOptions: {androidPackage: com.android.chrome, args: [], extensions: []}, newCommandTimeout: 0, platformName: android, platformversion: 8.0}, deviceManufacturer: samsung, deviceModel: SM-G950F, deviceName: ce071717bb9f193904, deviceScreenSize: 1440x2960, deviceUDID: ce071717bb9f193904, goog:chromeOptions: {androidPackage: com.android.chrome, args: [], extensions: []}, javascriptEnabled: true, locationContextEnabled: false, networkConnectionEnabled: true, newCommandTimeout: 0, platform: LINUX, platformName: Android, platformVersion: 8.0.0, platformversion: 8.0, takesScreenshot: true, warnings: {}, webStorageEnabled: false}
Session ID: c55dbe67-ac30-44b0-86b5-6707848ecfbf
*** Element info: {Using=xpath, value=//div[@class=&apos;sf-prodlist-prodTitle&apos; and contains(text(),&apos;32 inch&apos;)]}
	at org.openqa.selenium.remote.http.W3CHttpResponseCodec.createException(W3CHttpResponseCodec.java:187)
	at org.openqa.selenium.remote.http.W3CHttpResponseCodec.decode(W3CHttpResponseCodec.java:122)
	at org.openqa.selenium.remote.http.W3CHttpResponseCodec.decode(W3CHttpResponseCodec.java:49)
	at org.openqa.selenium.remote.HttpCommandExecutor.execute(HttpCommandExecutor.java:158)
	at io.appium.java_client.remote.AppiumCommandExecutor.execute(AppiumCommandExecutor.java:231)
	at org.openqa.selenium.remote.RemoteWebDriver.execute(RemoteWebDriver.java:543)
	at io.appium.java_client.DefaultGenericMobileDriver.execute(DefaultGenericMobileDriver.java:42)
	at io.appium.java_client.AppiumDriver.execute(AppiumDriver.java:1)
	at io.appium.java_client.android.AndroidDriver.execute(AndroidDriver.java:1)
	at org.openqa.selenium.remote.RemoteWebDriver.findElement(RemoteWebDriver.java:317)
	at io.appium.java_client.DefaultGenericMobileDriver.findElement(DefaultGenericMobileDriver.java:62)
	at io.appium.java_client.AppiumDriver.findElement(AppiumDriver.java:1)
	at io.appium.java_client.android.AndroidDriver.findElement(AndroidDriver.java:1)
	at org.openqa.selenium.remote.RemoteWebDriver.findElementByXPath(RemoteWebDriver.java:419)
	at io.appium.java_client.DefaultGenericMobileDriver.findElementByXPath(DefaultGenericMobileDriver.java:152)
	at io.appium.java_client.AppiumDriver.findElementByXPath(AppiumDriver.java:1)
	at io.appium.java_client.android.AndroidDriver.findElementByXPath(AndroidDriver.java:1)
	at org.openqa.selenium.By$ByXPath.findElement(By.java:353)
	at org.openqa.selenium.remote.RemoteWebDriver.findElement(RemoteWebDriver.java:309)
	at io.appium.java_client.DefaultGenericMobileDriver.findElement(DefaultGenericMobileDriver.java:58)
	at io.appium.java_client.AppiumDriver.findElement(AppiumDriver.java:1)
	at io.appium.java_client.android.AndroidDriver.findElement(AndroidDriver.java:1)
	at pagerepo.CheckItemDetailsRepo.GetProductDetails(CheckItemDetailsRepo.java:44)
	at CheckItemDetailsFeature.CheckItemDetailsFeatureTest.ViewItemTest(CheckItemDetailsFeatureTest.java:25)
... Removed 29 stack frames</div></td></tr></table><p class="totop"><a href="#summary">back to summary</a></p><h3 id="m1">LoginFeature.LoginFeatureTest#LoginTest</h3><table class="result"><tr><th>Exception</th></tr><tr><td><div class="stacktrace">org.openqa.selenium.WebDriverException: An unknown server-side error occurred while processing the command. Original error: unknown error: unhandled inspector error: {&quot;code&quot;:-32000,&quot;message&quot;:&quot;Cannot navigate to invalid URL&quot;}
  (Session info: chrome=71.0.3578.99)
  (Driver info: chromedriver=2.44.609538 (b655c5a60b0b544917107a59d4153d4bf78e1b90),platform=Windows NT 6.2.9200 x86_64)
Build info: version: &apos;3.12.0&apos;, revision: &apos;7c6e0b3&apos;, time: &apos;2018-05-08T14:04:26.12Z&apos;
System info: host: &apos;SAIVIGNESHA&apos;, ip: &apos;192.168.0.107&apos;, os.name: &apos;Windows 8&apos;, os.arch: &apos;amd64&apos;, os.version: &apos;6.2&apos;, java.version: &apos;1.8.0_144&apos;
Driver info: io.appium.java_client.android.AndroidDriver
Capabilities {AutomationName: uiautomator2, browser: Chrome, browserName: chrome, databaseEnabled: false, desired: {AutomationName: uiautomator2, browser: Chrome, browserName: chrome, deviceName: ce071717bb9f193904, goog:chromeOptions: {androidPackage: com.android.chrome, args: [], extensions: []}, newCommandTimeout: 0, platformName: android, platformversion: 8.0}, deviceManufacturer: samsung, deviceModel: SM-G950F, deviceName: ce071717bb9f193904, deviceScreenSize: 1440x2960, deviceUDID: ce071717bb9f193904, goog:chromeOptions: {androidPackage: com.android.chrome, args: [], extensions: []}, javascriptEnabled: true, locationContextEnabled: false, networkConnectionEnabled: true, newCommandTimeout: 0, platform: LINUX, platformName: Android, platformVersion: 8.0.0, platformversion: 8.0, takesScreenshot: true, warnings: {}, webStorageEnabled: false}
Session ID: b267452d-1ffb-4374-8cfd-703d9d6a6ea8
	at org.openqa.selenium.remote.http.W3CHttpResponseCodec.createException(W3CHttpResponseCodec.java:187)
	at org.openqa.selenium.remote.http.W3CHttpResponseCodec.decode(W3CHttpResponseCodec.java:122)
	at org.openqa.selenium.remote.http.W3CHttpResponseCodec.decode(W3CHttpResponseCodec.java:49)
	at org.openqa.selenium.remote.HttpCommandExecutor.execute(HttpCommandExecutor.java:158)
	at io.appium.java_client.remote.AppiumCommandExecutor.execute(AppiumCommandExecutor.java:231)
	at org.openqa.selenium.remote.RemoteWebDriver.execute(RemoteWebDriver.java:543)
	at io.appium.java_client.DefaultGenericMobileDriver.execute(DefaultGenericMobileDriver.java:42)
	at io.appium.java_client.AppiumDriver.execute(AppiumDriver.java:1)
	at io.appium.java_client.android.AndroidDriver.execute(AndroidDriver.java:1)
	at org.openqa.selenium.remote.RemoteWebDriver.get(RemoteWebDriver.java:271)
	at utilities.BaseDriver.initChromeDriver(BaseDriver.java:72)
	at pagerepo.SearchRepo.searchItem(SearchRepo.java:26)
	at SearchFeature.SearchFeaturePage.SearchItems(SearchFeaturePage.java:16)
	at LoginFeature.LoginFeatureTest.LoginTest(LoginFeatureTest.java:30)
... Removed 29 stack frames</div></td></tr></table><p class="totop"><a href="#summary">back to summary</a></p></body></html>