<?xml version="1.0" encoding="UTF-8"?>
<!-- Generated by org.testng.reporters.JUnitXMLReporter -->
<testsuite hostname="saivignesha" ignored="0" name="Default test" tests="1" failures="0" timestamp="15 Jan 2019 10:51:03 GMT" time="0.047" errors="0">
  <testcase name="@BeforeTest launchDriver" time="0.0" classname="utilities.BaseDriver">
    <failure type="org.testng.TestNGException" message="
Parameter &amp;apos;platformName1&amp;apos; is required by BeforeTest on method launchDriver but has not been marked @Optional or defined
in C:\Users\windows 8\AppData\Local\Temp\testng-eclipse-860547493\testng-customsuite.xml">
      <![CDATA[org.testng.TestNGException: 
Parameter 'platformName1' is required by BeforeTest on method launchDriver but has not been marked @Optional or defined
in C:\Users\windows 8\AppData\Local\Temp\testng-eclipse-860547493\testng-customsuite.xml
	at org.testng.internal.Parameters.createParameters(Parameters.java:199)
	at org.testng.internal.Parameters.createParameters(Parameters.java:443)
	at org.testng.internal.Parameters.createConfigurationParameters(Parameters.java:118)
	at org.testng.internal.Invoker.invokeConfigurations(Invoker.java:206)
	at org.testng.internal.Invoker.invokeConfigurations(Invoker.java:146)
	at org.testng.TestRunner.beforeRun(TestRunner.java:626)
	at org.testng.TestRunner.run(TestRunner.java:594)
	at org.testng.SuiteRunner.runTest(SuiteRunner.java:380)
	at org.testng.SuiteRunner.runSequentially(SuiteRunner.java:375)
	at org.testng.SuiteRunner.privateRun(SuiteRunner.java:340)
	at org.testng.SuiteRunner.run(SuiteRunner.java:289)
	at org.testng.SuiteRunnerWorker.runSuite(SuiteRunnerWorker.java:52)
	at org.testng.SuiteRunnerWorker.run(SuiteRunnerWorker.java:86)
	at org.testng.TestNG.runSuitesSequentially(TestNG.java:1301)
	at org.testng.TestNG.runSuitesLocally(TestNG.java:1226)
	at org.testng.TestNG.runSuites(TestNG.java:1144)
	at org.testng.TestNG.run(TestNG.java:1115)
	at org.testng.remote.AbstractRemoteTestNG.run(AbstractRemoteTestNG.java:114)
	at org.testng.remote.RemoteTestNG.initAndRun(RemoteTestNG.java:251)
	at org.testng.remote.RemoteTestNG.main(RemoteTestNG.java:77)
]]>
    </failure>
  </testcase> <!-- @BeforeTest launchDriver -->
  <testcase name="LoginTest" time="0.0" classname="bookingFeatureTest.BookingTest">
    <skipped/>
  </testcase> <!-- LoginTest -->
</testsuite> <!-- Default test -->
