<?xml version="1.0" encoding="UTF-8"?>
<!-- Generated by org.testng.reporters.JUnitReportReporter -->
<testsuite skipped="0" hostname="saivignesha" name="CheckItemDetails.CheckItemDetailsFeatureTest" tests="1" failures="0" timestamp="20 Jan 2019 23:19:45 GMT" time="103.032" errors="1">
  <testcase name="ViewItemTest" time="103.032" classname="CheckItemDetails.CheckItemDetailsFeatureTest">
    <error type="org.openqa.selenium.NoSuchElementException" message="no such element: Unable to locate element: {&quot;method&quot;:&quot;xpath&quot;,&quot;selector&quot;:&quot;//div[@class=&#039;sf-prodlist-prodTitle&#039; and contains(text(),&#039;32 inch&#039;)]&quot;}
  (Session info: chrome=71.0.3578.99)
  (Driver info: chromedriver=2.44.609538 (b655c5a60b0b544917107a59d4153d4bf78e1b90),platform=Windows NT 6.2.9200 x86_64)
For documentation on this error, please visit: http://seleniumhq.org/exceptions/no_such_element.html
Build info: version: &#039;3.12.0&#039;, revision: &#039;7c6e0b3&#039;, time: &#039;2018-05-08T14:04:26.12Z&#039;
System info: host: &#039;SAIVIGNESHA&#039;, ip: &#039;192.168.0.107&#039;, os.name: &#039;Windows 8&#039;, os.arch: &#039;amd64&#039;, os.version: &#039;6.2&#039;, java.version: &#039;1.8.0_144&#039;
Driver info: io.appium.java_client.android.AndroidDriver
Capabilities {AutomationName: uiautomator2, browser: Chrome, browserName: chrome, databaseEnabled: false, desired: {AutomationName: uiautomator2, browser: Chrome, browserName: chrome, deviceName: ce071717bb9f193904, goog:chromeOptions: {androidPackage: com.android.chrome, args: [], extensions: []}, newCommandTimeout: 0, platformName: android, platformversion: 8.0}, deviceManufacturer: samsung, deviceModel: SM-G950F, deviceName: ce071717bb9f193904, deviceScreenSize: 1440x2960, deviceUDID: ce071717bb9f193904, goog:chromeOptions: {androidPackage: com.android.chrome, args: [], extensions: []}, javascriptEnabled: true, locationContextEnabled: false, networkConnectionEnabled: true, newCommandTimeout: 0, platform: LINUX, platformName: Android, platformVersion: 8.0.0, platformversion: 8.0, takesScreenshot: true, warnings: {}, webStorageEnabled: false}
Session ID: b06215e3-240d-47ab-b4d3-ddabe8d8c3d0
*** Element info: {Using=xpath, value=//div[@class=&#039;sf-prodlist-prodTitle&#039; and contains(text(),&#039;32 inch&#039;)]}">
      <![CDATA[org.openqa.selenium.NoSuchElementException: no such element: Unable to locate element: {"method":"xpath","selector":"//div[@class='sf-prodlist-prodTitle' and contains(text(),'32 inch')]"}
  (Session info: chrome=71.0.3578.99)
  (Driver info: chromedriver=2.44.609538 (b655c5a60b0b544917107a59d4153d4bf78e1b90),platform=Windows NT 6.2.9200 x86_64)
For documentation on this error, please visit: http://seleniumhq.org/exceptions/no_such_element.html
Build info: version: '3.12.0', revision: '7c6e0b3', time: '2018-05-08T14:04:26.12Z'
System info: host: 'SAIVIGNESHA', ip: '192.168.0.107', os.name: 'Windows 8', os.arch: 'amd64', os.version: '6.2', java.version: '1.8.0_144'
Driver info: io.appium.java_client.android.AndroidDriver
Capabilities {AutomationName: uiautomator2, browser: Chrome, browserName: chrome, databaseEnabled: false, desired: {AutomationName: uiautomator2, browser: Chrome, browserName: chrome, deviceName: ce071717bb9f193904, goog:chromeOptions: {androidPackage: com.android.chrome, args: [], extensions: []}, newCommandTimeout: 0, platformName: android, platformversion: 8.0}, deviceManufacturer: samsung, deviceModel: SM-G950F, deviceName: ce071717bb9f193904, deviceScreenSize: 1440x2960, deviceUDID: ce071717bb9f193904, goog:chromeOptions: {androidPackage: com.android.chrome, args: [], extensions: []}, javascriptEnabled: true, locationContextEnabled: false, networkConnectionEnabled: true, newCommandTimeout: 0, platform: LINUX, platformName: Android, platformVersion: 8.0.0, platformversion: 8.0, takesScreenshot: true, warnings: {}, webStorageEnabled: false}
Session ID: b06215e3-240d-47ab-b4d3-ddabe8d8c3d0
*** Element info: {Using=xpath, value=//div[@class='sf-prodlist-prodTitle' and contains(text(),'32 inch')]}
	at sun.reflect.NativeConstructorAccessorImpl.newInstance0(Native Method)
	at sun.reflect.NativeConstructorAccessorImpl.newInstance(Unknown Source)
	at sun.reflect.DelegatingConstructorAccessorImpl.newInstance(Unknown Source)
	at java.lang.reflect.Constructor.newInstance(Unknown Source)
	at org.openqa.selenium.remote.http.W3CHttpResponseCodec.createException(W3CHttpResponseCodec.java:187)
	at org.openqa.selenium.remote.http.W3CHttpResponseCodec.decode(W3CHttpResponseCodec.java:122)
	at org.openqa.selenium.remote.http.W3CHttpResponseCodec.decode(W3CHttpResponseCodec.java:49)
	at org.openqa.selenium.remote.HttpCommandExecutor.execute(HttpCommandExecutor.java:158)
	at io.appium.java_client.remote.AppiumCommandExecutor.execute(AppiumCommandExecutor.java:231)
	at org.openqa.selenium.remote.RemoteWebDriver.execute(RemoteWebDriver.java:543)
	at io.appium.java_client.DefaultGenericMobileDriver.execute(DefaultGenericMobileDriver.java:42)
	at io.appium.java_client.AppiumDriver.execute(AppiumDriver.java:1)
	at io.appium.java_client.android.AndroidDriver.execute(AndroidDriver.java:1)
	at org.openqa.selenium.remote.RemoteWebDriver.findElement(RemoteWebDriver.java:317)
	at io.appium.java_client.DefaultGenericMobileDriver.findElement(DefaultGenericMobileDriver.java:62)
	at io.appium.java_client.AppiumDriver.findElement(AppiumDriver.java:1)
	at io.appium.java_client.android.AndroidDriver.findElement(AndroidDriver.java:1)
	at org.openqa.selenium.remote.RemoteWebDriver.findElementByXPath(RemoteWebDriver.java:419)
	at io.appium.java_client.DefaultGenericMobileDriver.findElementByXPath(DefaultGenericMobileDriver.java:152)
	at io.appium.java_client.AppiumDriver.findElementByXPath(AppiumDriver.java:1)
	at io.appium.java_client.android.AndroidDriver.findElementByXPath(AndroidDriver.java:1)
	at org.openqa.selenium.By$ByXPath.findElement(By.java:353)
	at org.openqa.selenium.remote.RemoteWebDriver.findElement(RemoteWebDriver.java:309)
	at io.appium.java_client.DefaultGenericMobileDriver.findElement(DefaultGenericMobileDriver.java:58)
	at io.appium.java_client.AppiumDriver.findElement(AppiumDriver.java:1)
	at io.appium.java_client.android.AndroidDriver.findElement(AndroidDriver.java:1)
	at pagerepo.CheckItemDetailsRepo.GetProductDetails(CheckItemDetailsRepo.java:53)
	at CheckItemDetails.CheckItemDetailsFeatureTest.ViewItemTest(CheckItemDetailsFeatureTest.java:25)
	at sun.reflect.NativeMethodAccessorImpl.invoke0(Native Method)
	at sun.reflect.NativeMethodAccessorImpl.invoke(Unknown Source)
	at sun.reflect.DelegatingMethodAccessorImpl.invoke(Unknown Source)
	at java.lang.reflect.Method.invoke(Unknown Source)
	at org.testng.internal.MethodInvocationHelper.invokeMethod(MethodInvocationHelper.java:108)
	at org.testng.internal.Invoker.invokeMethod(Invoker.java:661)
	at org.testng.internal.Invoker.invokeTestMethod(Invoker.java:869)
	at org.testng.internal.Invoker.invokeTestMethods(Invoker.java:1193)
	at org.testng.internal.TestMethodWorker.invokeTestMethods(TestMethodWorker.java:126)
	at org.testng.internal.TestMethodWorker.run(TestMethodWorker.java:109)
	at org.testng.TestRunner.privateRun(TestRunner.java:744)
	at org.testng.TestRunner.run(TestRunner.java:602)
	at org.testng.SuiteRunner.runTest(SuiteRunner.java:380)
	at org.testng.SuiteRunner.runSequentially(SuiteRunner.java:375)
	at org.testng.SuiteRunner.privateRun(SuiteRunner.java:340)
	at org.testng.SuiteRunner.run(SuiteRunner.java:289)
	at org.testng.SuiteRunnerWorker.runSuite(SuiteRunnerWorker.java:52)
	at org.testng.SuiteRunnerWorker.run(SuiteRunnerWorker.java:86)
	at org.testng.TestNG.runSuitesSequentially(TestNG.java:1301)
	at org.testng.TestNG.runSuitesLocally(TestNG.java:1226)
	at org.testng.TestNG.runSuites(TestNG.java:1144)
	at org.testng.TestNG.run(TestNG.java:1115)
	at org.testng.remote.AbstractRemoteTestNG.run(AbstractRemoteTestNG.java:114)
	at org.testng.remote.RemoteTestNG.initAndRun(RemoteTestNG.java:251)
	at org.testng.remote.RemoteTestNG.main(RemoteTestNG.java:77)
]]>
    </error>
  </testcase> <!-- ViewItemTest -->
</testsuite> <!-- CheckItemDetails.CheckItemDetailsFeatureTest -->
