<?xml version="1.0" encoding="UTF-8"?>
<!-- Generated by org.testng.reporters.JUnitXMLReporter -->
<testsuite hostname="saivignesha" ignored="0" name="Android Execution" tests="2" failures="2" timestamp="20 Jan 2019 23:41:21 GMT" time="168.525" errors="0">
  <testcase name="LoginTest" time="65.222" classname="LoginFeature.LoginFeatureTest">
    <failure type="org.openqa.selenium.WebDriverException" message="An unknown server-side error occurred while processing the command. Original error: unknown error: unhandled inspector error: {&amp;quot;code&amp;quot;:-32000,&amp;quot;message&amp;quot;:&amp;quot;Cannot navigate to invalid URL&amp;quot;}
  (Session info: chrome=71.0.3578.99)
  (Driver info: chromedriver=2.44.609538 (b655c5a60b0b544917107a59d4153d4bf78e1b90),platform=Windows NT 6.2.9200 x86_64)
Build info: version: &amp;apos;3.12.0&amp;apos;, revision: &amp;apos;7c6e0b3&amp;apos;, time: &amp;apos;2018-05-08T14:04:26.12Z&amp;apos;
System info: host: &amp;apos;SAIVIGNESHA&amp;apos;, ip: &amp;apos;192.168.0.107&amp;apos;, os.name: &amp;apos;Windows 8&amp;apos;, os.arch: &amp;apos;amd64&amp;apos;, os.version: &amp;apos;6.2&amp;apos;, java.version: &amp;apos;1.8.0_144&amp;apos;
Driver info: io.appium.java_client.android.AndroidDriver
Capabilities {AutomationName: uiautomator2, browser: Chrome, browserName: chrome, databaseEnabled: false, desired: {AutomationName: uiautomator2, browser: Chrome, browserName: chrome, deviceName: ce071717bb9f193904, goog:chromeOptions: {androidPackage: com.android.chrome, args: [], extensions: []}, newCommandTimeout: 0, platformName: android, platformversion: 8.0}, deviceManufacturer: samsung, deviceModel: SM-G950F, deviceName: ce071717bb9f193904, deviceScreenSize: 1440x2960, deviceUDID: ce071717bb9f193904, goog:chromeOptions: {androidPackage: com.android.chrome, args: [], extensions: []}, javascriptEnabled: true, locationContextEnabled: false, networkConnectionEnabled: true, newCommandTimeout: 0, platform: LINUX, platformName: Android, platformVersion: 8.0.0, platformversion: 8.0, takesScreenshot: true, warnings: {}, webStorageEnabled: false}
Session ID: b267452d-1ffb-4374-8cfd-703d9d6a6ea8">
      <![CDATA[org.openqa.selenium.WebDriverException: An unknown server-side error occurred while processing the command. Original error: unknown error: unhandled inspector error: {"code":-32000,"message":"Cannot navigate to invalid URL"}
  (Session info: chrome=71.0.3578.99)
  (Driver info: chromedriver=2.44.609538 (b655c5a60b0b544917107a59d4153d4bf78e1b90),platform=Windows NT 6.2.9200 x86_64)
Build info: version: '3.12.0', revision: '7c6e0b3', time: '2018-05-08T14:04:26.12Z'
System info: host: 'SAIVIGNESHA', ip: '192.168.0.107', os.name: 'Windows 8', os.arch: 'amd64', os.version: '6.2', java.version: '1.8.0_144'
Driver info: io.appium.java_client.android.AndroidDriver
Capabilities {AutomationName: uiautomator2, browser: Chrome, browserName: chrome, databaseEnabled: false, desired: {AutomationName: uiautomator2, browser: Chrome, browserName: chrome, deviceName: ce071717bb9f193904, goog:chromeOptions: {androidPackage: com.android.chrome, args: [], extensions: []}, newCommandTimeout: 0, platformName: android, platformversion: 8.0}, deviceManufacturer: samsung, deviceModel: SM-G950F, deviceName: ce071717bb9f193904, deviceScreenSize: 1440x2960, deviceUDID: ce071717bb9f193904, goog:chromeOptions: {androidPackage: com.android.chrome, args: [], extensions: []}, javascriptEnabled: true, locationContextEnabled: false, networkConnectionEnabled: true, newCommandTimeout: 0, platform: LINUX, platformName: Android, platformVersion: 8.0.0, platformversion: 8.0, takesScreenshot: true, warnings: {}, webStorageEnabled: false}
Session ID: b267452d-1ffb-4374-8cfd-703d9d6a6ea8
	at org.openqa.selenium.remote.http.W3CHttpResponseCodec.createException(W3CHttpResponseCodec.java:187)
	at org.openqa.selenium.remote.http.W3CHttpResponseCodec.decode(W3CHttpResponseCodec.java:122)
	at org.openqa.selenium.remote.http.W3CHttpResponseCodec.decode(W3CHttpResponseCodec.java:49)
	at org.openqa.selenium.remote.HttpCommandExecutor.execute(HttpCommandExecutor.java:158)
	at io.appium.java_client.remote.AppiumCommandExecutor.execute(AppiumCommandExecutor.java:231)
	at org.openqa.selenium.remote.RemoteWebDriver.execute(RemoteWebDriver.java:543)
	at io.appium.java_client.DefaultGenericMobileDriver.execute(DefaultGenericMobileDriver.java:42)
	at io.appium.java_client.AppiumDriver.execute(AppiumDriver.java:1)
	at io.appium.java_client.android.AndroidDriver.execute(AndroidDriver.java:1)
	at org.openqa.selenium.remote.RemoteWebDriver.get(RemoteWebDriver.java:271)
	at utilities.BaseDriver.initChromeDriver(BaseDriver.java:72)
	at pagerepo.SearchRepo.searchItem(SearchRepo.java:26)
	at SearchFeature.SearchFeaturePage.SearchItems(SearchFeaturePage.java:16)
	at LoginFeature.LoginFeatureTest.LoginTest(LoginFeatureTest.java:30)
... Removed 29 stack frames]]>
    </failure>
  </testcase> <!-- LoginTest -->
  <testcase name="ViewItemTest" time="102.803" classname="CheckItemDetailsFeature.CheckItemDetailsFeatureTest">
    <failure type="org.openqa.selenium.NoSuchElementException" message="no such element: Unable to locate element: {&amp;quot;method&amp;quot;:&amp;quot;xpath&amp;quot;,&amp;quot;selector&amp;quot;:&amp;quot;//div[@class=&amp;apos;sf-prodlist-prodTitle&amp;apos; and contains(text(),&amp;apos;32 inch&amp;apos;)]&amp;quot;}
  (Session info: chrome=71.0.3578.99)
  (Driver info: chromedriver=2.44.609538 (b655c5a60b0b544917107a59d4153d4bf78e1b90),platform=Windows NT 6.2.9200 x86_64)
For documentation on this error, please visit: http://seleniumhq.org/exceptions/no_such_element.html
Build info: version: &amp;apos;3.12.0&amp;apos;, revision: &amp;apos;7c6e0b3&amp;apos;, time: &amp;apos;2018-05-08T14:04:26.12Z&amp;apos;
System info: host: &amp;apos;SAIVIGNESHA&amp;apos;, ip: &amp;apos;192.168.0.107&amp;apos;, os.name: &amp;apos;Windows 8&amp;apos;, os.arch: &amp;apos;amd64&amp;apos;, os.version: &amp;apos;6.2&amp;apos;, java.version: &amp;apos;1.8.0_144&amp;apos;
Driver info: io.appium.java_client.android.AndroidDriver
Capabilities {AutomationName: uiautomator2, browser: Chrome, browserName: chrome, databaseEnabled: false, desired: {AutomationName: uiautomator2, browser: Chrome, browserName: chrome, deviceName: ce071717bb9f193904, goog:chromeOptions: {androidPackage: com.android.chrome, args: [], extensions: []}, newCommandTimeout: 0, platformName: android, platformversion: 8.0}, deviceManufacturer: samsung, deviceModel: SM-G950F, deviceName: ce071717bb9f193904, deviceScreenSize: 1440x2960, deviceUDID: ce071717bb9f193904, goog:chromeOptions: {androidPackage: com.android.chrome, args: [], extensions: []}, javascriptEnabled: true, locationContextEnabled: false, networkConnectionEnabled: true, newCommandTimeout: 0, platform: LINUX, platformName: Android, platformVersion: 8.0.0, platformversion: 8.0, takesScreenshot: true, warnings: {}, webStorageEnabled: false}
Session ID: c55dbe67-ac30-44b0-86b5-6707848ecfbf
*** Element info: {Using=xpath, value=//div[@class=&amp;apos;sf-prodlist-prodTitle&amp;apos; and contains(text(),&amp;apos;32 inch&amp;apos;)]}">
      <![CDATA[org.openqa.selenium.NoSuchElementException: no such element: Unable to locate element: {"method":"xpath","selector":"//div[@class='sf-prodlist-prodTitle' and contains(text(),'32 inch')]"}
  (Session info: chrome=71.0.3578.99)
  (Driver info: chromedriver=2.44.609538 (b655c5a60b0b544917107a59d4153d4bf78e1b90),platform=Windows NT 6.2.9200 x86_64)
For documentation on this error, please visit: http://seleniumhq.org/exceptions/no_such_element.html
Build info: version: '3.12.0', revision: '7c6e0b3', time: '2018-05-08T14:04:26.12Z'
System info: host: 'SAIVIGNESHA', ip: '192.168.0.107', os.name: 'Windows 8', os.arch: 'amd64', os.version: '6.2', java.version: '1.8.0_144'
Driver info: io.appium.java_client.android.AndroidDriver
Capabilities {AutomationName: uiautomator2, browser: Chrome, browserName: chrome, databaseEnabled: false, desired: {AutomationName: uiautomator2, browser: Chrome, browserName: chrome, deviceName: ce071717bb9f193904, goog:chromeOptions: {androidPackage: com.android.chrome, args: [], extensions: []}, newCommandTimeout: 0, platformName: android, platformversion: 8.0}, deviceManufacturer: samsung, deviceModel: SM-G950F, deviceName: ce071717bb9f193904, deviceScreenSize: 1440x2960, deviceUDID: ce071717bb9f193904, goog:chromeOptions: {androidPackage: com.android.chrome, args: [], extensions: []}, javascriptEnabled: true, locationContextEnabled: false, networkConnectionEnabled: true, newCommandTimeout: 0, platform: LINUX, platformName: Android, platformVersion: 8.0.0, platformversion: 8.0, takesScreenshot: true, warnings: {}, webStorageEnabled: false}
Session ID: c55dbe67-ac30-44b0-86b5-6707848ecfbf
*** Element info: {Using=xpath, value=//div[@class='sf-prodlist-prodTitle' and contains(text(),'32 inch')]}
	at org.openqa.selenium.remote.http.W3CHttpResponseCodec.createException(W3CHttpResponseCodec.java:187)
	at org.openqa.selenium.remote.http.W3CHttpResponseCodec.decode(W3CHttpResponseCodec.java:122)
	at org.openqa.selenium.remote.http.W3CHttpResponseCodec.decode(W3CHttpResponseCodec.java:49)
	at org.openqa.selenium.remote.HttpCommandExecutor.execute(HttpCommandExecutor.java:158)
	at io.appium.java_client.remote.AppiumCommandExecutor.execute(AppiumCommandExecutor.java:231)
	at org.openqa.selenium.remote.RemoteWebDriver.execute(RemoteWebDriver.java:543)
	at io.appium.java_client.DefaultGenericMobileDriver.execute(DefaultGenericMobileDriver.java:42)
	at io.appium.java_client.AppiumDriver.execute(AppiumDriver.java:1)
	at io.appium.java_client.android.AndroidDriver.execute(AndroidDriver.java:1)
	at org.openqa.selenium.remote.RemoteWebDriver.findElement(RemoteWebDriver.java:317)
	at io.appium.java_client.DefaultGenericMobileDriver.findElement(DefaultGenericMobileDriver.java:62)
	at io.appium.java_client.AppiumDriver.findElement(AppiumDriver.java:1)
	at io.appium.java_client.android.AndroidDriver.findElement(AndroidDriver.java:1)
	at org.openqa.selenium.remote.RemoteWebDriver.findElementByXPath(RemoteWebDriver.java:419)
	at io.appium.java_client.DefaultGenericMobileDriver.findElementByXPath(DefaultGenericMobileDriver.java:152)
	at io.appium.java_client.AppiumDriver.findElementByXPath(AppiumDriver.java:1)
	at io.appium.java_client.android.AndroidDriver.findElementByXPath(AndroidDriver.java:1)
	at org.openqa.selenium.By$ByXPath.findElement(By.java:353)
	at org.openqa.selenium.remote.RemoteWebDriver.findElement(RemoteWebDriver.java:309)
	at io.appium.java_client.DefaultGenericMobileDriver.findElement(DefaultGenericMobileDriver.java:58)
	at io.appium.java_client.AppiumDriver.findElement(AppiumDriver.java:1)
	at io.appium.java_client.android.AndroidDriver.findElement(AndroidDriver.java:1)
	at pagerepo.CheckItemDetailsRepo.GetProductDetails(CheckItemDetailsRepo.java:44)
	at CheckItemDetailsFeature.CheckItemDetailsFeatureTest.ViewItemTest(CheckItemDetailsFeatureTest.java:25)
... Removed 29 stack frames]]>
    </failure>
  </testcase> <!-- ViewItemTest -->
</testsuite> <!-- Android Execution -->
